This is ApacheBench, Version 2.3 <$Revision: 1748469 $>
Copyright 1996 Adam Twiss, Zeus Technology Ltd, http://www.zeustech.net/
Licensed to The Apache Software Foundation, http://www.apache.org/

Benchmarking 127.0.0.1 (be patient)
Completed 100 requests
Completed 200 requests
Completed 300 requests
Completed 400 requests
Completed 500 requests
Completed 600 requests
Completed 700 requests
Completed 800 requests
Completed 900 requests
Completed 1000 requests
Finished 1000 requests


Server Software:        Werkzeug/0.11.10
Server Hostname:        127.0.0.1
Server Port:            8069

Document Path:          /customers
Document Length:        18007 bytes

Concurrency Level:      10
Time taken for tests:   10.123 seconds
Complete requests:      1000
Failed requests:        0
Total transferred:      18336000 bytes
HTML transferred:       18007000 bytes
Requests per second:    98.78 [#/sec] (mean)
Time per request:       101.232 [ms] (mean)
Time per request:       10.123 [ms] (mean, across all concurrent requests)
Transfer rate:          1768.84 [Kbytes/sec] received

Connection Times (ms)
              min  mean[+/-sd] median   max
Connect:        0    0   0.5      0       8
Processing:    61  101  25.6     94     338
Waiting:       61  100  25.6     94     338
Total:         61  101  25.8     94     343

Percentage of the requests served within a certain time (ms)
  50%     94
  66%    102
  75%    108
  80%    113
  90%    132
  95%    150
  98%    175
  99%    191
 100%    343 (longest request)