This is ApacheBench, Version 2.3 <$Revision: 1748469 $>
Copyright 1996 Adam Twiss, Zeus Technology Ltd, http://www.zeustech.net/
Licensed to The Apache Software Foundation, http://www.apache.org/

Benchmarking 127.0.0.1 (be patient)
Completed 100 requests
Completed 200 requests
Completed 300 requests
Completed 400 requests
Completed 500 requests
Completed 600 requests
Completed 700 requests
Completed 800 requests
Completed 900 requests
Completed 1000 requests
Finished 1000 requests


Server Software:        Werkzeug/0.11.10
Server Hostname:        127.0.0.1
Server Port:            8069

Document Path:          /forum/help-1
Document Length:        29816 bytes

Concurrency Level:      10
Time taken for tests:   18.376 seconds
Complete requests:      1000
Failed requests:        0
Total transferred:      30145000 bytes
HTML transferred:       29816000 bytes
Requests per second:    54.42 [#/sec] (mean)
Time per request:       183.764 [ms] (mean)
Time per request:       18.376 [ms] (mean, across all concurrent requests)
Transfer rate:          1601.98 [Kbytes/sec] received

Connection Times (ms)
              min  mean[+/-sd] median   max
Connect:        0    0   0.4      0       6
Processing:   115  183  79.3    165    1277
Waiting:      115  183  79.2    165    1276
Total:        115  183  79.6    165    1282

Percentage of the requests served within a certain time (ms)
  50%    165
  66%    180
  75%    196
  80%    207
  90%    244
  95%    277
  98%    313
  99%    351
 100%   1282 (longest request)