This is ApacheBench, Version 2.3 <$Revision: 1748469 $>
Copyright 1996 Adam Twiss, Zeus Technology Ltd, http://www.zeustech.net/
Licensed to The Apache Software Foundation, http://www.apache.org/

Benchmarking 127.0.0.1 (be patient)
Completed 100 requests
Completed 200 requests
Completed 300 requests
Completed 400 requests
Completed 500 requests
Completed 600 requests
Completed 700 requests
Completed 800 requests
Completed 900 requests
Completed 1000 requests
Finished 1000 requests


Server Software:        Werkzeug/0.11.10
Server Hostname:        127.0.0.1
Server Port:            8069

Document Path:          /page/website.aboutus
Document Length:        14939 bytes

Concurrency Level:      10
Time taken for tests:   13.281 seconds
Complete requests:      1000
Failed requests:        0
Total transferred:      15268000 bytes
HTML transferred:       14939000 bytes
Requests per second:    75.30 [#/sec] (mean)
Time per request:       132.809 [ms] (mean)
Time per request:       13.281 [ms] (mean, across all concurrent requests)
Transfer rate:          1122.67 [Kbytes/sec] received

Connection Times (ms)
              min  mean[+/-sd] median   max
Connect:        0    0   0.3      0       5
Processing:    85  132  43.3    122    1124
Waiting:       85  132  43.3    122    1124
Total:         85  132  43.3    122    1124

Percentage of the requests served within a certain time (ms)
  50%    122
  66%    132
  75%    143
  80%    150
  90%    177
  95%    198
  98%    217
  99%    228
 100%   1124 (longest request)