This is ApacheBench, Version 2.3 <$Revision: 1748469 $>
Copyright 1996 Adam Twiss, Zeus Technology Ltd, http://www.zeustech.net/
Licensed to The Apache Software Foundation, http://www.apache.org/

Benchmarking 127.0.0.1 (be patient)
Completed 100 requests
Completed 200 requests
Completed 300 requests
Completed 400 requests
Completed 500 requests
Completed 600 requests
Completed 700 requests
Completed 800 requests
Completed 900 requests
Completed 1000 requests
Finished 1000 requests


Server Software:        Werkzeug/0.11.10
Server Hostname:        127.0.0.1
Server Port:            8069

Document Path:          /slides/partner-channel-2
Document Length:        17192 bytes

Concurrency Level:      10
Time taken for tests:   15.022 seconds
Complete requests:      1000
Failed requests:        0
Total transferred:      17521000 bytes
HTML transferred:       17192000 bytes
Requests per second:    66.57 [#/sec] (mean)
Time per request:       150.219 [ms] (mean)
Time per request:       15.022 [ms] (mean, across all concurrent requests)
Transfer rate:          1139.03 [Kbytes/sec] received

Connection Times (ms)
              min  mean[+/-sd] median   max
Connect:        0    0   0.4      0       6
Processing:    93  150  45.7    138     616
Waiting:       93  149  45.6    137     616
Total:         93  150  45.9    138     621

Percentage of the requests served within a certain time (ms)
  50%    138
  66%    148
  75%    157
  80%    164
  90%    202
  95%    222
  98%    247
  99%    287
 100%    621 (longest request)