This is ApacheBench, Version 2.3 <$Revision: 1748469 $>
Copyright 1996 Adam Twiss, Zeus Technology Ltd, http://www.zeustech.net/
Licensed to The Apache Software Foundation, http://www.apache.org/

Benchmarking 127.0.0.1 (be patient)
Completed 100 requests
Completed 200 requests
Completed 300 requests
Completed 400 requests
Completed 500 requests
Completed 600 requests
Completed 700 requests
Completed 800 requests
Completed 900 requests
Completed 1000 requests
Finished 1000 requests


Server Software:        Werkzeug/0.11.10
Server Hostname:        127.0.0.1
Server Port:            8069

Document Path:          /website/info
Document Length:        17484 bytes

Concurrency Level:      10
Time taken for tests:   10.147 seconds
Complete requests:      1000
Failed requests:        0
Total transferred:      17813000 bytes
HTML transferred:       17484000 bytes
Requests per second:    98.55 [#/sec] (mean)
Time per request:       101.469 [ms] (mean)
Time per request:       10.147 [ms] (mean, across all concurrent requests)
Transfer rate:          1714.37 [Kbytes/sec] received

Connection Times (ms)
              min  mean[+/-sd] median   max
Connect:        0    0   0.3      0       5
Processing:    57  101  93.6     85    1178
Waiting:       57  101  93.6     85    1178
Total:         57  101  93.8     85    1180

Percentage of the requests served within a certain time (ms)
  50%     85
  66%     94
  75%    101
  80%    106
  90%    125
  95%    140
  98%    164
  99%    847
 100%   1180 (longest request)