This is ApacheBench, Version 2.3 <$Revision: 1748469 $>
Copyright 1996 Adam Twiss, Zeus Technology Ltd, http://www.zeustech.net/
Licensed to The Apache Software Foundation, http://www.apache.org/

Benchmarking 127.0.0.1 (be patient)
Completed 100 requests
Completed 200 requests
Completed 300 requests
Completed 400 requests
Completed 500 requests
Completed 600 requests
Completed 700 requests
Completed 800 requests
Completed 900 requests
Completed 1000 requests
Finished 1000 requests


Server Software:        Werkzeug/0.11.10
Server Hostname:        127.0.0.1
Server Port:            8069

Document Path:          /blog/our-blog-1/post/the-future-of-emails-1
Document Length:        17853 bytes

Concurrency Level:      10
Time taken for tests:   76.176 seconds
Complete requests:      1000
Failed requests:        0
Total transferred:      18182000 bytes
HTML transferred:       17853000 bytes
Requests per second:    13.13 [#/sec] (mean)
Time per request:       761.757 [ms] (mean)
Time per request:       76.176 [ms] (mean, across all concurrent requests)
Transfer rate:          233.09 [Kbytes/sec] received

Connection Times (ms)
              min  mean[+/-sd] median   max
Connect:        0    0   0.0      0       0
Processing:   194  756 398.1    700    4006
Waiting:      194  756 398.1    700    4006
Total:        194  756 398.1    700    4006

Percentage of the requests served within a certain time (ms)
  50%    700
  66%    935
  75%   1085
  80%   1158
  90%   1308
  95%   1382
  98%   1476
  99%   1612
 100%   4006 (longest request)