This is ApacheBench, Version 2.3 <$Revision: 1748469 $>
Copyright 1996 Adam Twiss, Zeus Technology Ltd, http://www.zeustech.net/
Licensed to The Apache Software Foundation, http://www.apache.org/

Benchmarking 127.0.0.1 (be patient)
Completed 100 requests
Completed 200 requests
Completed 300 requests
Completed 400 requests
Completed 500 requests
Completed 600 requests
Completed 700 requests
Completed 800 requests
Completed 900 requests
Completed 1000 requests
Finished 1000 requests


Server Software:        Werkzeug/0.11.10
Server Hostname:        127.0.0.1
Server Port:            8069

Document Path:          /customers
Document Length:        17572 bytes

Concurrency Level:      10
Time taken for tests:   41.949 seconds
Complete requests:      1000
Failed requests:        0
Total transferred:      17901000 bytes
HTML transferred:       17572000 bytes
Requests per second:    23.84 [#/sec] (mean)
Time per request:       419.491 [ms] (mean)
Time per request:       41.949 [ms] (mean, across all concurrent requests)
Transfer rate:          416.73 [Kbytes/sec] received

Connection Times (ms)
              min  mean[+/-sd] median   max
Connect:        0    0   0.2      0       3
Processing:   233  418  82.5    401     734
Waiting:      233  418  82.4    400     734
Total:        233  418  82.5    401     734

Percentage of the requests served within a certain time (ms)
  50%    401
  66%    434
  75%    460
  80%    479
  90%    534
  95%    587
  98%    639
  99%    672
 100%    734 (longest request)