This is ApacheBench, Version 2.3 <$Revision: 1748469 $>
Copyright 1996 Adam Twiss, Zeus Technology Ltd, http://www.zeustech.net/
Licensed to The Apache Software Foundation, http://www.apache.org/

Benchmarking 127.0.0.1 (be patient)
Completed 100 requests
Completed 200 requests
Completed 300 requests
Completed 400 requests
Completed 500 requests
Completed 600 requests
Completed 700 requests
Completed 800 requests
Completed 900 requests
Completed 1000 requests
Finished 1000 requests


Server Software:        Werkzeug/0.11.10
Server Hostname:        127.0.0.1
Server Port:            8069

Document Path:          /forum/help-1/question/how-to-configure-alerts-for-employee-contract-expiration-1
Document Length:        36067 bytes

Concurrency Level:      10
Time taken for tests:   250.153 seconds
Complete requests:      1000
Failed requests:        994
   (Connect: 0, Receive: 0, Length: 994, Exceptions: 0)
Non-2xx responses:      100
Total transferred:      32805096 bytes
HTML transferred:       32492796 bytes
Requests per second:    4.00 [#/sec] (mean)
Time per request:       2501.526 [ms] (mean)
Time per request:       250.153 [ms] (mean, across all concurrent requests)
Transfer rate:          128.07 [Kbytes/sec] received

Connection Times (ms)
              min  mean[+/-sd] median   max
Connect:        0    0   0.2      0       3
Processing:   333 2446 5274.8    535   28846
Waiting:      332 2445 5271.7    535   28832
Total:        334 2446 5274.8    535   28846

Percentage of the requests served within a certain time (ms)
  50%    535
  66%    546
  75%    573
  80%    641
  90%   9985
  95%  17022
  98%  21751
  99%  24131
 100%  28846 (longest request)