This is ApacheBench, Version 2.3 <$Revision: 1748469 $>
Copyright 1996 Adam Twiss, Zeus Technology Ltd, http://www.zeustech.net/
Licensed to The Apache Software Foundation, http://www.apache.org/

Benchmarking 127.0.0.1 (be patient)
Completed 100 requests
Completed 200 requests
Completed 300 requests
Completed 400 requests
Completed 500 requests
Completed 600 requests
Completed 700 requests
Completed 800 requests
Completed 900 requests
Completed 1000 requests
Finished 1000 requests


Server Software:        Werkzeug/0.11.10
Server Hostname:        127.0.0.1
Server Port:            8069

Document Path:          /forum/help-1
Document Length:        27080 bytes

Concurrency Level:      10
Time taken for tests:   58.893 seconds
Complete requests:      1000
Failed requests:        0
Total transferred:      27409000 bytes
HTML transferred:       27080000 bytes
Requests per second:    16.98 [#/sec] (mean)
Time per request:       588.933 [ms] (mean)
Time per request:       58.893 [ms] (mean, across all concurrent requests)
Transfer rate:          454.49 [Kbytes/sec] received

Connection Times (ms)
              min  mean[+/-sd] median   max
Connect:        0    0   0.3      0       4
Processing:   385  587 128.7    558    1710
Waiting:      385  587 128.6    557    1710
Total:        385  587 128.7    558    1710

Percentage of the requests served within a certain time (ms)
  50%    558
  66%    600
  75%    633
  80%    660
  90%    758
  95%    839
  98%    918
  99%    960
 100%   1710 (longest request)