This is ApacheBench, Version 2.3 <$Revision: 1748469 $>
Copyright 1996 Adam Twiss, Zeus Technology Ltd, http://www.zeustech.net/
Licensed to The Apache Software Foundation, http://www.apache.org/

Benchmarking 127.0.0.1 (be patient)
Completed 100 requests
Completed 200 requests
Completed 300 requests
Completed 400 requests
Completed 500 requests
Completed 600 requests
Completed 700 requests
Completed 800 requests
Completed 900 requests
Completed 1000 requests
Finished 1000 requests


Server Software:        Werkzeug/0.11.10
Server Hostname:        127.0.0.1
Server Port:            8069

Document Path:          /jobs/detail/marketing-and-community-manager-6
Document Length:        18071 bytes

Concurrency Level:      10
Time taken for tests:   39.001 seconds
Complete requests:      1000
Failed requests:        0
Total transferred:      18400000 bytes
HTML transferred:       18071000 bytes
Requests per second:    25.64 [#/sec] (mean)
Time per request:       390.005 [ms] (mean)
Time per request:       39.001 [ms] (mean, across all concurrent requests)
Transfer rate:          460.73 [Kbytes/sec] received

Connection Times (ms)
              min  mean[+/-sd] median   max
Connect:        0    0   0.4      0       5
Processing:   253  388  84.5    365     754
Waiting:      253  388  84.5    364     753
Total:        253  388  84.5    365     754

Percentage of the requests served within a certain time (ms)
  50%    365
  66%    400
  75%    429
  80%    449
  90%    509
  95%    560
  98%    622
  99%    644
 100%    754 (longest request)