This is ApacheBench, Version 2.3 <$Revision: 1748469 $>
Copyright 1996 Adam Twiss, Zeus Technology Ltd, http://www.zeustech.net/
Licensed to The Apache Software Foundation, http://www.apache.org/

Benchmarking 127.0.0.1 (be patient)
Completed 100 requests
Completed 200 requests
Completed 300 requests
Completed 400 requests
Completed 500 requests
Completed 600 requests
Completed 700 requests
Completed 800 requests
Completed 900 requests
Completed 1000 requests
Finished 1000 requests


Server Software:        Werkzeug/0.11.10
Server Hostname:        127.0.0.1
Server Port:            8069

Document Path:          /page/website.aboutus
Document Length:        14180 bytes

Concurrency Level:      10
Time taken for tests:   43.567 seconds
Complete requests:      1000
Failed requests:        0
Total transferred:      14509000 bytes
HTML transferred:       14180000 bytes
Requests per second:    22.95 [#/sec] (mean)
Time per request:       435.675 [ms] (mean)
Time per request:       43.567 [ms] (mean, across all concurrent requests)
Transfer rate:          325.22 [Kbytes/sec] received

Connection Times (ms)
              min  mean[+/-sd] median   max
Connect:        0    0   0.3      0       6
Processing:   295  434  90.4    414     821
Waiting:      295  434  90.4    413     820
Total:        295  434  90.4    414     821

Percentage of the requests served within a certain time (ms)
  50%    414
  66%    447
  75%    473
  80%    500
  90%    561
  95%    632
  98%    683
  99%    709
 100%    821 (longest request)