This is ApacheBench, Version 2.3 <$Revision: 1748469 $>
Copyright 1996 Adam Twiss, Zeus Technology Ltd, http://www.zeustech.net/
Licensed to The Apache Software Foundation, http://www.apache.org/

Benchmarking 127.0.0.1 (be patient)
Completed 100 requests
Completed 200 requests
Completed 300 requests
Completed 400 requests
Completed 500 requests
Completed 600 requests
Completed 700 requests
Completed 800 requests
Completed 900 requests
Completed 1000 requests
Finished 1000 requests


Server Software:        Werkzeug/0.11.10
Server Hostname:        127.0.0.1
Server Port:            8069

Document Path:          /shop
Document Length:        30720 bytes

Concurrency Level:      10
Time taken for tests:   77.184 seconds
Complete requests:      1000
Failed requests:        0
Total transferred:      31049000 bytes
HTML transferred:       30720000 bytes
Requests per second:    12.96 [#/sec] (mean)
Time per request:       771.842 [ms] (mean)
Time per request:       77.184 [ms] (mean, across all concurrent requests)
Transfer rate:          392.84 [Kbytes/sec] received

Connection Times (ms)
              min  mean[+/-sd] median   max
Connect:        0    0   0.3      0       6
Processing:   505  768 163.0    729    2072
Waiting:      504  768 162.9    729    2072
Total:        505  769 163.0    729    2072

Percentage of the requests served within a certain time (ms)
  50%    729
  66%    794
  75%    849
  80%    878
  90%    985
  95%   1077
  98%   1201
  99%   1277
 100%   2072 (longest request)