This is ApacheBench, Version 2.3 <$Revision: 1748469 $>
Copyright 1996 Adam Twiss, Zeus Technology Ltd, http://www.zeustech.net/
Licensed to The Apache Software Foundation, http://www.apache.org/

Benchmarking 127.0.0.1 (be patient)
Completed 100 requests
Completed 200 requests
Completed 300 requests
Completed 400 requests
Completed 500 requests
Completed 600 requests
Completed 700 requests
Completed 800 requests
Completed 900 requests
Completed 1000 requests
Finished 1000 requests


Server Software:        Werkzeug/0.11.10
Server Hostname:        127.0.0.1
Server Port:            8069

Document Path:          /slides/partner-channel-2
Document Length:        16780 bytes

Concurrency Level:      10
Time taken for tests:   48.498 seconds
Complete requests:      1000
Failed requests:        0
Total transferred:      17109000 bytes
HTML transferred:       16780000 bytes
Requests per second:    20.62 [#/sec] (mean)
Time per request:       484.978 [ms] (mean)
Time per request:       48.498 [ms] (mean, across all concurrent requests)
Transfer rate:          344.51 [Kbytes/sec] received

Connection Times (ms)
              min  mean[+/-sd] median   max
Connect:        0    0   0.4      0       5
Processing:   337  483  95.0    457     884
Waiting:      337  483  94.9    457     884
Total:        337  483  95.0    457     884

Percentage of the requests served within a certain time (ms)
  50%    457
  66%    492
  75%    526
  80%    550
  90%    629
  95%    682
  98%    745
  99%    768
 100%    884 (longest request)