This is ApacheBench, Version 2.3 <$Revision: 1748469 $>
Copyright 1996 Adam Twiss, Zeus Technology Ltd, http://www.zeustech.net/
Licensed to The Apache Software Foundation, http://www.apache.org/

Benchmarking 127.0.0.1 (be patient)
Completed 100 requests
Completed 200 requests
Completed 300 requests
Completed 400 requests
Completed 500 requests
Completed 600 requests
Completed 700 requests
Completed 800 requests
Completed 900 requests
Completed 1000 requests
Finished 1000 requests


Server Software:        Werkzeug/0.11.10
Server Hostname:        127.0.0.1
Server Port:            8069

Document Path:          /customers
Document Length:        18007 bytes

Concurrency Level:      10
Time taken for tests:   11.634 seconds
Complete requests:      1000
Failed requests:        0
Total transferred:      18336000 bytes
HTML transferred:       18007000 bytes
Requests per second:    85.96 [#/sec] (mean)
Time per request:       116.338 [ms] (mean)
Time per request:       11.634 [ms] (mean, across all concurrent requests)
Transfer rate:          1539.16 [Kbytes/sec] received

Connection Times (ms)
              min  mean[+/-sd] median   max
Connect:        0    0   0.4      0       5
Processing:    68  116  34.3    108     699
Waiting:       68  115  34.3    107     698
Total:         68  116  34.4    108     699

Percentage of the requests served within a certain time (ms)
  50%    108
  66%    118
  75%    127
  80%    133
  90%    155
  95%    176
  98%    193
  99%    222
 100%    699 (longest request)