This is ApacheBench, Version 2.3 <$Revision: 1748469 $>
Copyright 1996 Adam Twiss, Zeus Technology Ltd, http://www.zeustech.net/
Licensed to The Apache Software Foundation, http://www.apache.org/

Benchmarking 127.0.0.1 (be patient)
Completed 100 requests
Completed 200 requests
Completed 300 requests
Completed 400 requests
Completed 500 requests
Completed 600 requests
Completed 700 requests
Completed 800 requests
Completed 900 requests
Completed 1000 requests
Finished 1000 requests


Server Software:        Werkzeug/0.11.10
Server Hostname:        127.0.0.1
Server Port:            8069

Document Path:          /forum/help-1
Document Length:        29815 bytes

Concurrency Level:      10
Time taken for tests:   20.513 seconds
Complete requests:      1000
Failed requests:        0
Total transferred:      30144000 bytes
HTML transferred:       29815000 bytes
Requests per second:    48.75 [#/sec] (mean)
Time per request:       205.134 [ms] (mean)
Time per request:       20.513 [ms] (mean, across all concurrent requests)
Transfer rate:          1435.04 [Kbytes/sec] received

Connection Times (ms)
              min  mean[+/-sd] median   max
Connect:        0    0   0.3      0       4
Processing:   129  204  86.6    189    1192
Waiting:      129  204  86.5    188    1191
Total:        129  204  86.7    189    1194

Percentage of the requests served within a certain time (ms)
  50%    189
  66%    208
  75%    220
  80%    229
  90%    267
  95%    295
  98%    359
  99%    458
 100%   1194 (longest request)