This is ApacheBench, Version 2.3 <$Revision: 1748469 $>
Copyright 1996 Adam Twiss, Zeus Technology Ltd, http://www.zeustech.net/
Licensed to The Apache Software Foundation, http://www.apache.org/

Benchmarking 127.0.0.1 (be patient)
Completed 100 requests
Completed 200 requests
Completed 300 requests
Completed 400 requests
Completed 500 requests
Completed 600 requests
Completed 700 requests
Completed 800 requests
Completed 900 requests
Completed 1000 requests
Finished 1000 requests


Server Software:        Werkzeug/0.11.10
Server Hostname:        127.0.0.1
Server Port:            8069

Document Path:          /forum/help-1/question/how-to-configure-alerts-for-employee-contract-expiration-1
Document Length:        39545 bytes

Concurrency Level:      10
Time taken for tests:   117.874 seconds
Complete requests:      1000
Failed requests:        34
   (Connect: 0, Receive: 0, Length: 34, Exceptions: 0)
Non-2xx responses:      34
Total transferred:      38533686 bytes
HTML transferred:       38210364 bytes
Requests per second:    8.48 [#/sec] (mean)
Time per request:       1178.743 [ms] (mean)
Time per request:       117.874 [ms] (mean, across all concurrent requests)
Transfer rate:          319.24 [Kbytes/sec] received

Connection Times (ms)
              min  mean[+/-sd] median   max
Connect:        0    0   0.4      0       6
Processing:   126 1115 3698.1    224   27531
Waiting:      126 1115 3696.9    224   27519
Total:        126 1115 3698.2    224   27532

Percentage of the requests served within a certain time (ms)
  50%    224
  66%    227
  75%    229
  80%    231
  90%    318
  95%   6494
  98%  18490
  99%  21601
 100%  27532 (longest request)