This is ApacheBench, Version 2.3 <$Revision: 1748469 $>
Copyright 1996 Adam Twiss, Zeus Technology Ltd, http://www.zeustech.net/
Licensed to The Apache Software Foundation, http://www.apache.org/

Benchmarking 127.0.0.1 (be patient)
Completed 100 requests
Completed 200 requests
Completed 300 requests
Completed 400 requests
Completed 500 requests
Completed 600 requests
Completed 700 requests
Completed 800 requests
Completed 900 requests
Completed 1000 requests
Finished 1000 requests


Server Software:        Werkzeug/0.11.10
Server Hostname:        127.0.0.1
Server Port:            8069

Document Path:          /jobs
Document Length:        16610 bytes

Concurrency Level:      10
Time taken for tests:   13.863 seconds
Complete requests:      1000
Failed requests:        0
Total transferred:      16939000 bytes
HTML transferred:       16610000 bytes
Requests per second:    72.14 [#/sec] (mean)
Time per request:       138.627 [ms] (mean)
Time per request:       13.863 [ms] (mean, across all concurrent requests)
Transfer rate:          1193.27 [Kbytes/sec] received

Connection Times (ms)
              min  mean[+/-sd] median   max
Connect:        0    0   0.5      0       8
Processing:    92  138  32.4    130     299
Waiting:       92  138  32.3    130     299
Total:         92  138  32.4    130     299

Percentage of the requests served within a certain time (ms)
  50%    130
  66%    142
  75%    150
  80%    157
  90%    183
  95%    207
  98%    234
  99%    247
 100%    299 (longest request)