This is ApacheBench, Version 2.3 <$Revision: 1748469 $>
Copyright 1996 Adam Twiss, Zeus Technology Ltd, http://www.zeustech.net/
Licensed to The Apache Software Foundation, http://www.apache.org/

Benchmarking 127.0.0.1 (be patient)
Completed 100 requests
Completed 200 requests
Completed 300 requests
Completed 400 requests
Completed 500 requests
Completed 600 requests
Completed 700 requests
Completed 800 requests
Completed 900 requests
Completed 1000 requests
Finished 1000 requests


Server Software:        Werkzeug/0.11.10
Server Hostname:        127.0.0.1
Server Port:            8069

Document Path:          /page/website.aboutus
Document Length:        14939 bytes

Concurrency Level:      10
Time taken for tests:   15.845 seconds
Complete requests:      1000
Failed requests:        0
Total transferred:      15268000 bytes
HTML transferred:       14939000 bytes
Requests per second:    63.11 [#/sec] (mean)
Time per request:       158.454 [ms] (mean)
Time per request:       15.845 [ms] (mean, across all concurrent requests)
Transfer rate:          940.98 [Kbytes/sec] received

Connection Times (ms)
              min  mean[+/-sd] median   max
Connect:        0    0   0.5      0       9
Processing:   100  158  46.6    148     984
Waiting:      100  157  46.6    148     984
Total:        101  158  46.7    148     985

Percentage of the requests served within a certain time (ms)
  50%    148
  66%    161
  75%    173
  80%    182
  90%    211
  95%    233
  98%    266
  99%    298
 100%    985 (longest request)