This is ApacheBench, Version 2.3 <$Revision: 1748469 $>
Copyright 1996 Adam Twiss, Zeus Technology Ltd, http://www.zeustech.net/
Licensed to The Apache Software Foundation, http://www.apache.org/

Benchmarking 127.0.0.1 (be patient)
Completed 100 requests
Completed 200 requests
Completed 300 requests
Completed 400 requests
Completed 500 requests
Completed 600 requests
Completed 700 requests
Completed 800 requests
Completed 900 requests
Completed 1000 requests
Finished 1000 requests


Server Software:        Werkzeug/0.11.10
Server Hostname:        127.0.0.1
Server Port:            8069

Document Path:          /shop
Document Length:        42330 bytes

Concurrency Level:      10
Time taken for tests:   70.908 seconds
Complete requests:      1000
Failed requests:        0
Total transferred:      42659000 bytes
HTML transferred:       42330000 bytes
Requests per second:    14.10 [#/sec] (mean)
Time per request:       709.080 [ms] (mean)
Time per request:       70.908 [ms] (mean, across all concurrent requests)
Transfer rate:          587.51 [Kbytes/sec] received

Connection Times (ms)
              min  mean[+/-sd] median   max
Connect:        0    0   0.3      0       4
Processing:   447  707 140.9    677    1306
Waiting:      445  706 140.8    677    1306
Total:        447  707 140.9    677    1306

Percentage of the requests served within a certain time (ms)
  50%    677
  66%    737
  75%    776
  80%    807
  90%    895
  95%   1001
  98%   1094
  99%   1127
 100%   1306 (longest request)