This is ApacheBench, Version 2.3 <$Revision: 1748469 $>
Copyright 1996 Adam Twiss, Zeus Technology Ltd, http://www.zeustech.net/
Licensed to The Apache Software Foundation, http://www.apache.org/

Benchmarking 127.0.0.1 (be patient)
Completed 100 requests
Completed 200 requests
Completed 300 requests
Completed 400 requests
Completed 500 requests
Completed 600 requests
Completed 700 requests
Completed 800 requests
Completed 900 requests
Completed 1000 requests
Finished 1000 requests


Server Software:        Werkzeug/0.11.10
Server Hostname:        127.0.0.1
Server Port:            8069

Document Path:          /slides/partner-channel-2
Document Length:        17192 bytes

Concurrency Level:      10
Time taken for tests:   16.520 seconds
Complete requests:      1000
Failed requests:        0
Total transferred:      17521000 bytes
HTML transferred:       17192000 bytes
Requests per second:    60.53 [#/sec] (mean)
Time per request:       165.200 [ms] (mean)
Time per request:       16.520 [ms] (mean, across all concurrent requests)
Transfer rate:          1035.73 [Kbytes/sec] received

Connection Times (ms)
              min  mean[+/-sd] median   max
Connect:        0    0   0.5      0       7
Processing:   107  165  47.8    151     603
Waiting:      107  164  47.7    151     602
Total:        107  165  48.0    151     605

Percentage of the requests served within a certain time (ms)
  50%    151
  66%    168
  75%    179
  80%    190
  90%    221
  95%    245
  98%    269
  99%    313
 100%    605 (longest request)